;  LST file generated by mikroListExporter - v.2.0 
; Date/Time: 8/1/2023 6:45:42 PM
;----------------------------------------------

;Address Opcode 	ASM
0x0000	0x2957      	GOTO       343
_interrupt:
0x0004	0x00FF      	MOVWF      R15
0x0005	0x0E03      	SWAPF      STATUS, 0
0x0006	0x0183      	CLRF       STATUS
0x0007	0x00B2      	MOVWF      ___saveSTATUS
0x0008	0x080A      	MOVF       PCLATH, 0
0x0009	0x00B3      	MOVWF      ___savePCLATH
0x000A	0x018A      	CLRF       PCLATH
0x000B	0x0870      	MOVF       R0, 0
0x000C	0x00A3      	MOVWF      35
0x000D	0x087B      	MOVF       R11, 0
0x000E	0x00A2      	MOVWF      34
0x000F	0x087C      	MOVF       R12, 0
0x0010	0x00A1      	MOVWF      33
0x0011	0x087D      	MOVF       R13, 0
0x0012	0x00A0      	MOVWF      32
;try.c,4 :: 		void interrupt(){
;try.c,6 :: 		if(intf_bit==1){
0x0013	0x1C8B      	BTFSS      INTF_bit, BitPos(INTF_bit+0)
0x0014	0x28A0      	GOTO       L_interrupt0
;try.c,8 :: 		if(count>1)
0x0015	0x082B      	MOVF       _count+1, 0
0x0016	0x3C00      	SUBLW      0
0x0017	0x1D03      	BTFSS      STATUS, 2
0x0018	0x281B      	GOTO       L__interrupt63
0x0019	0x082A      	MOVF       _count, 0
0x001A	0x3C01      	SUBLW      1
L__interrupt63:
0x001B	0x1803      	BTFSC      STATUS, 0
0x001C	0x281F      	GOTO       L_interrupt1
;try.c,9 :: 		count=0;
0x001D	0x01AA      	CLRF       _count
0x001E	0x01AB      	CLRF       _count+1
L_interrupt1:
;try.c,10 :: 		count++;
0x001F	0x0AAA      	INCF       _count, 1
0x0020	0x1903      	BTFSC      STATUS, 2
0x0021	0x0AAB      	INCF       _count+1, 1
;try.c,11 :: 		if(count==1) {
0x0022	0x3000      	MOVLW      0
0x0023	0x062B      	XORWF      _count+1, 0
0x0024	0x1D03      	BTFSS      STATUS, 2
0x0025	0x2828      	GOTO       L__interrupt64
0x0026	0x3001      	MOVLW      1
0x0027	0x062A      	XORWF      _count, 0
L__interrupt64:
0x0028	0x1D03      	BTFSS      STATUS, 2
0x0029	0x2861      	GOTO       L_interrupt2
;try.c,12 :: 		portd=0b00100001;
0x002A	0x3021      	MOVLW      33
0x002B	0x0088      	MOVWF      PORTD
;try.c,13 :: 		for(j=3;j>0;j--){
0x002C	0x3003      	MOVLW      3
0x002D	0x00AC      	MOVWF      _j
0x002E	0x3000      	MOVLW      0
0x002F	0x00AD      	MOVWF      _j+1
L_interrupt3:
0x0030	0x082D      	MOVF       _j+1, 0
0x0031	0x3C00      	SUBLW      0
0x0032	0x1D03      	BTFSS      STATUS, 2
0x0033	0x2836      	GOTO       L__interrupt65
0x0034	0x082C      	MOVF       _j, 0
0x0035	0x3C00      	SUBLW      0
L__interrupt65:
0x0036	0x1803      	BTFSC      STATUS, 0
0x0037	0x284F      	GOTO       L_interrupt4
;try.c,14 :: 		portb.b6=0;
0x0038	0x1306      	BCF        PORTB, 6
;try.c,15 :: 		portb.b7=1;
0x0039	0x1786      	BSF        PORTB, 7
;try.c,16 :: 		portc=j;
0x003A	0x082C      	MOVF       _j, 0
0x003B	0x0087      	MOVWF      PORTC
;try.c,17 :: 		delay_ms(1000);
0x003C	0x300B      	MOVLW      11
0x003D	0x00FB      	MOVWF      R11
0x003E	0x3026      	MOVLW      38
0x003F	0x00FC      	MOVWF      R12
0x0040	0x305D      	MOVLW      93
0x0041	0x00FD      	MOVWF      R13
L_interrupt6:
0x0042	0x0BFD      	DECFSZ     R13, 1
0x0043	0x2842      	GOTO       L_interrupt6
0x0044	0x0BFC      	DECFSZ     R12, 1
0x0045	0x2842      	GOTO       L_interrupt6
0x0046	0x0BFB      	DECFSZ     R11, 1
0x0047	0x2842      	GOTO       L_interrupt6
0x0048	0x0000      	NOP
0x0049	0x0000      	NOP
;try.c,13 :: 		for(j=3;j>0;j--){
0x004A	0x3001      	MOVLW      1
0x004B	0x02AC      	SUBWF      _j, 1
0x004C	0x1C03      	BTFSS      STATUS, 0
0x004D	0x03AD      	DECF       _j+1, 1
;try.c,18 :: 		}
0x004E	0x2830      	GOTO       L_interrupt3
L_interrupt4:
;try.c,19 :: 		portb.b6=1;
0x004F	0x1706      	BSF        PORTB, 6
;try.c,20 :: 		portb.b7=1;
0x0050	0x1786      	BSF        PORTB, 7
;try.c,21 :: 		portd=0b00001010;
0x0051	0x300A      	MOVLW      10
0x0052	0x0088      	MOVWF      PORTD
;try.c,22 :: 		delay_ms(1500);
0x0053	0x3010      	MOVLW      16
0x0054	0x00FB      	MOVWF      R11
0x0055	0x3039      	MOVLW      57
0x0056	0x00FC      	MOVWF      R12
0x0057	0x300D      	MOVLW      13
0x0058	0x00FD      	MOVWF      R13
L_interrupt7:
0x0059	0x0BFD      	DECFSZ     R13, 1
0x005A	0x2859      	GOTO       L_interrupt7
0x005B	0x0BFC      	DECFSZ     R12, 1
0x005C	0x2859      	GOTO       L_interrupt7
0x005D	0x0BFB      	DECFSZ     R11, 1
0x005E	0x2859      	GOTO       L_interrupt7
0x005F	0x0000      	NOP
0x0060	0x0000      	NOP
;try.c,24 :: 		}
L_interrupt2:
;try.c,25 :: 		if(count==2) {
0x0061	0x3000      	MOVLW      0
0x0062	0x062B      	XORWF      _count+1, 0
0x0063	0x1D03      	BTFSS      STATUS, 2
0x0064	0x2867      	GOTO       L__interrupt66
0x0065	0x3002      	MOVLW      2
0x0066	0x062A      	XORWF      _count, 0
L__interrupt66:
0x0067	0x1D03      	BTFSS      STATUS, 2
0x0068	0x28A0      	GOTO       L_interrupt8
;try.c,26 :: 		portd=0b0001100;
0x0069	0x300C      	MOVLW      12
0x006A	0x0088      	MOVWF      PORTD
;try.c,27 :: 		for(j=3;j>0;j--){
0x006B	0x3003      	MOVLW      3
0x006C	0x00AC      	MOVWF      _j
0x006D	0x3000      	MOVLW      0
0x006E	0x00AD      	MOVWF      _j+1
L_interrupt9:
0x006F	0x082D      	MOVF       _j+1, 0
0x0070	0x3C00      	SUBLW      0
0x0071	0x1D03      	BTFSS      STATUS, 2
0x0072	0x2875      	GOTO       L__interrupt67
0x0073	0x082C      	MOVF       _j, 0
0x0074	0x3C00      	SUBLW      0
L__interrupt67:
0x0075	0x1803      	BTFSC      STATUS, 0
0x0076	0x288E      	GOTO       L_interrupt10
;try.c,30 :: 		portb.b6=0;
0x0077	0x1306      	BCF        PORTB, 6
;try.c,31 :: 		portb.b7=1;
0x0078	0x1786      	BSF        PORTB, 7
;try.c,32 :: 		portc=j;
0x0079	0x082C      	MOVF       _j, 0
0x007A	0x0087      	MOVWF      PORTC
;try.c,33 :: 		delay_ms(1000);
0x007B	0x300B      	MOVLW      11
0x007C	0x00FB      	MOVWF      R11
0x007D	0x3026      	MOVLW      38
0x007E	0x00FC      	MOVWF      R12
0x007F	0x305D      	MOVLW      93
0x0080	0x00FD      	MOVWF      R13
L_interrupt12:
0x0081	0x0BFD      	DECFSZ     R13, 1
0x0082	0x2881      	GOTO       L_interrupt12
0x0083	0x0BFC      	DECFSZ     R12, 1
0x0084	0x2881      	GOTO       L_interrupt12
0x0085	0x0BFB      	DECFSZ     R11, 1
0x0086	0x2881      	GOTO       L_interrupt12
0x0087	0x0000      	NOP
0x0088	0x0000      	NOP
;try.c,27 :: 		for(j=3;j>0;j--){
0x0089	0x3001      	MOVLW      1
0x008A	0x02AC      	SUBWF      _j, 1
0x008B	0x1C03      	BTFSS      STATUS, 0
0x008C	0x03AD      	DECF       _j+1, 1
;try.c,34 :: 		}
0x008D	0x286F      	GOTO       L_interrupt9
L_interrupt10:
;try.c,36 :: 		portb.b6=1;
0x008E	0x1706      	BSF        PORTB, 6
;try.c,37 :: 		portb.b7=1;
0x008F	0x1786      	BSF        PORTB, 7
;try.c,38 :: 		portd=0b00010001;
0x0090	0x3011      	MOVLW      17
0x0091	0x0088      	MOVWF      PORTD
;try.c,39 :: 		delay_ms(1500);
0x0092	0x3010      	MOVLW      16
0x0093	0x00FB      	MOVWF      R11
0x0094	0x3039      	MOVLW      57
0x0095	0x00FC      	MOVWF      R12
0x0096	0x300D      	MOVLW      13
0x0097	0x00FD      	MOVWF      R13
L_interrupt13:
0x0098	0x0BFD      	DECFSZ     R13, 1
0x0099	0x2898      	GOTO       L_interrupt13
0x009A	0x0BFC      	DECFSZ     R12, 1
0x009B	0x2898      	GOTO       L_interrupt13
0x009C	0x0BFB      	DECFSZ     R11, 1
0x009D	0x2898      	GOTO       L_interrupt13
0x009E	0x0000      	NOP
0x009F	0x0000      	NOP
;try.c,40 :: 		}
L_interrupt8:
;try.c,41 :: 		}
L_interrupt0:
;try.c,42 :: 		}//__________________________________________________________________________________________________________
L_end_interrupt:
L__interrupt62:
0x00A0	0x0823      	MOVF       35, 0
0x00A1	0x00F0      	MOVWF      R0
0x00A2	0x0822      	MOVF       34, 0
0x00A3	0x00FB      	MOVWF      R11
0x00A4	0x0821      	MOVF       33, 0
0x00A5	0x00FC      	MOVWF      R12
0x00A6	0x0820      	MOVF       32, 0
0x00A7	0x00FD      	MOVWF      R13
0x00A8	0x0833      	MOVF       ___savePCLATH, 0
0x00A9	0x008A      	MOVWF      PCLATH
0x00AA	0x0E32      	SWAPF      ___saveSTATUS, 0
0x00AB	0x0083      	MOVWF      STATUS
0x00AC	0x0EFF      	SWAPF      R15, 1
0x00AD	0x0E7F      	SWAPF      R15, 0
0x00AE	0x0009      	RETFIE
; end of _interrupt
_Div_16x16_S_L:
;__Lib_Math.c,420 :: 		
;__Lib_Math.c,426 :: 		
0x00AF	0x0D71      	RLF        R1, 0
;__Lib_Math.c,427 :: 		
0x00B0	0x0DF8      	RLF        R8, 1
;__Lib_Math.c,428 :: 		
0x00B1	0x0DF9      	RLF        R9, 1
;__Lib_Math.c,429 :: 		
0x00B2	0x0874      	MOVF       R4, 0
;__Lib_Math.c,430 :: 		
0x00B3	0x02F8      	SUBWF      R8, 1
;__Lib_Math.c,431 :: 		
0x00B4	0x0875      	MOVF       R5, 0
;__Lib_Math.c,432 :: 		
0x00B5	0x1C03      	BTFSS      STATUS, 0
;__Lib_Math.c,433 :: 		
0x00B6	0x0F75      	INCFSZ     R5, 0
;__Lib_Math.c,434 :: 		
0x00B7	0x02F9      	SUBWF      R9, 1
;__Lib_Math.c,435 :: 		
0x00B8	0x0DF0      	RLF        R0, 1
;__Lib_Math.c,436 :: 		
0x00B9	0x0DF1      	RLF        R1, 1
;__Lib_Math.c,438 :: 		
0x00BA	0x300F      	MOVLW      15
;__Lib_Math.c,439 :: 		
0x00BB	0x00FC      	MOVWF      R12
;__Lib_Math.c,441 :: 		
0x00BC	0x0D71      	RLF        R1, 0
;__Lib_Math.c,442 :: 		
0x00BD	0x0DF8      	RLF        R8, 1
;__Lib_Math.c,443 :: 		
0x00BE	0x0DF9      	RLF        R9, 1
;__Lib_Math.c,444 :: 		
0x00BF	0x0874      	MOVF       R4, 0
;__Lib_Math.c,446 :: 		
0x00C0	0x1C70      	BTFSS      R0, 0
;__Lib_Math.c,447 :: 		
0x00C1	0x28C8      	GOTO       $+7
;__Lib_Math.c,448 :: 		
0x00C2	0x02F8      	SUBWF      R8, 1
;__Lib_Math.c,449 :: 		
0x00C3	0x0875      	MOVF       R5, 0
;__Lib_Math.c,450 :: 		
0x00C4	0x1C03      	BTFSS      STATUS, 0
;__Lib_Math.c,451 :: 		
0x00C5	0x0F75      	INCFSZ     R5, 0
;__Lib_Math.c,452 :: 		
0x00C6	0x02F9      	SUBWF      R9, 1
;__Lib_Math.c,453 :: 		
0x00C7	0x28CD      	GOTO       $+6
;__Lib_Math.c,455 :: 		
0x00C8	0x07F8      	ADDWF      R8, 1
;__Lib_Math.c,456 :: 		
0x00C9	0x0875      	MOVF       R5, 0
;__Lib_Math.c,457 :: 		
0x00CA	0x1803      	BTFSC      STATUS, 0
;__Lib_Math.c,458 :: 		
0x00CB	0x0F75      	INCFSZ     R5, 0
;__Lib_Math.c,459 :: 		
0x00CC	0x07F9      	ADDWF      R9, 1
;__Lib_Math.c,461 :: 		
0x00CD	0x0DF0      	RLF        R0, 1
;__Lib_Math.c,462 :: 		
0x00CE	0x0DF1      	RLF        R1, 1
;__Lib_Math.c,464 :: 		
0x00CF	0x0BFC      	DECFSZ     R12, 1
;__Lib_Math.c,465 :: 		
0x00D0	0x28BC      	GOTO       $-20
;__Lib_Math.c,467 :: 		
0x00D1	0x1870      	BTFSC      R0, 0
;__Lib_Math.c,468 :: 		
0x00D2	0x28D9      	GOTO       $+7
;__Lib_Math.c,469 :: 		
0x00D3	0x0874      	MOVF       R4, 0
;__Lib_Math.c,470 :: 		
0x00D4	0x07F8      	ADDWF      R8, 1
;__Lib_Math.c,471 :: 		
0x00D5	0x0875      	MOVF       R5, 0
;__Lib_Math.c,472 :: 		
0x00D6	0x1803      	BTFSC      STATUS, 0
;__Lib_Math.c,473 :: 		
0x00D7	0x0F75      	INCFSZ     R5, 0
;__Lib_Math.c,474 :: 		
0x00D8	0x07F9      	ADDWF      R9, 1
;__Lib_Math.c,475 :: 		
0x00D9	0x0000      	NOP
;__Lib_Math.c,477 :: 		
L_end_Div_16x16_S_L:
0x00DA	0x0008      	RETURN
; end of _Div_16x16_S_L
_____DoICP:
;__Lib_System.c,6 :: 		
;__Lib_System.c,9 :: 		
0x00DB	0x1283      	BCF        STATUS, 5
0x00DC	0x1303      	BCF        STATUS, 6
0x00DD	0x082F      	MOVF       ___DoICPAddr+1, 0
0x00DE	0x008A      	MOVWF      PCLATH
;__Lib_System.c,10 :: 		
0x00DF	0x082E      	MOVF       ___DoICPAddr, 0
0x00E0	0x0082      	MOVWF      PCL
;__Lib_System.c,12 :: 		
L_end_____DoICP:
0x00E1	0x0008      	RETURN
; end of _____DoICP
___CC2DW:
;__Lib_System.c,134 :: 		
;__Lib_System.c,137 :: 		
_CC2D_Loop1:
;__Lib_System.c,139 :: 		
0x00E2	0x20DB      	CALL       _____DoICP
0x00E3	0x118A      	BCF        PCLATH, 3
0x00E4	0x120A      	BCF        PCLATH, 4
;__Lib_System.c,141 :: 		
0x00E5	0x0080      	MOVWF      INDF
;__Lib_System.c,142 :: 		
0x00E6	0x0A84      	INCF       FSR, 1
;__Lib_System.c,143 :: 		
0x00E7	0x0AAE      	INCF       ___DoICPAddr, 1
;__Lib_System.c,145 :: 		
0x00E8	0x1903      	BTFSC      STATUS, 2
;__Lib_System.c,146 :: 		
0x00E9	0x0AAF      	INCF       ___DoICPAddr+1, 1
;__Lib_System.c,147 :: 		
0x00EA	0x03F0      	DECF       R0, 1
;__Lib_System.c,149 :: 		
0x00EB	0x1D03      	BTFSS      STATUS, 2
;__Lib_System.c,150 :: 		
0x00EC	0x28E2      	GOTO       _CC2D_Loop1
;__Lib_System.c,152 :: 		
L_end___CC2DW:
0x00ED	0x0008      	RETURN
; end of ___CC2DW
_Div_16x16_S:
;__Lib_Math.c,479 :: 		
;__Lib_Math.c,487 :: 		
0x00EE	0x1283      	BCF        STATUS, 5
0x00EF	0x1303      	BCF        STATUS, 6
0x00F0	0x0874      	MOVF       R4, 0
0x00F1	0x3A00      	XORLW      0
0x00F2	0x1D03      	BTFSS      STATUS, 2
0x00F3	0x28FD      	GOTO       L_Div_16x16_S0
;__Lib_Math.c,488 :: 		
0x00F4	0x0875      	MOVF       R5, 0
0x00F5	0x3A00      	XORLW      0
0x00F6	0x1D03      	BTFSS      STATUS, 2
0x00F7	0x28FD      	GOTO       L_Div_16x16_S1
;__Lib_Math.c,489 :: 		
0x00F8	0x30FF      	MOVLW      255
0x00F9	0x00F0      	MOVWF      R0
;__Lib_Math.c,490 :: 		
0x00FA	0x307F      	MOVLW      127
0x00FB	0x00F1      	MOVWF      R1
;__Lib_Math.c,491 :: 		
0x00FC	0x2956      	GOTO       L_end_Div_16x16_S
;__Lib_Math.c,492 :: 		
L_Div_16x16_S1:
L_Div_16x16_S0:
;__Lib_Math.c,495 :: 		
0x00FD	0x1283      	BCF        STATUS, 5
;__Lib_Math.c,496 :: 		
0x00FE	0x1303      	BCF        STATUS, 6
;__Lib_Math.c,497 :: 		
0x00FF	0x01FD      	CLRF       R13
;__Lib_Math.c,498 :: 		
0x0100	0x01F9      	CLRF       R9
;__Lib_Math.c,499 :: 		
0x0101	0x01F8      	CLRF       R8
;__Lib_Math.c,500 :: 		
0x0102	0x0871      	MOVF       R1, 0
;__Lib_Math.c,501 :: 		
0x0103	0x0470      	IORWF      R0, 0
;__Lib_Math.c,502 :: 		
0x0104	0x1903      	BTFSC      STATUS, 2
;__Lib_Math.c,503 :: 		
0x0105	0x3400      	RETLW      0
;__Lib_Math.c,505 :: 		
0x0106	0x0871      	MOVF       R1, 0
;__Lib_Math.c,506 :: 		
0x0107	0x0675      	XORWF      R5, 0
;__Lib_Math.c,507 :: 		
0x0108	0x00FA      	MOVWF      R10
;__Lib_Math.c,508 :: 		
0x0109	0x1BFA      	BTFSC      R10, 7
;__Lib_Math.c,509 :: 		
0x010A	0x09FD      	COMF       R13, 1
;__Lib_Math.c,511 :: 		
0x010B	0x01FB      	CLRF       R11
;__Lib_Math.c,513 :: 		
0x010C	0x1FF5      	BTFSS      R5, 7
;__Lib_Math.c,514 :: 		
0x010D	0x2913      	GOTO       $+6
;__Lib_Math.c,516 :: 		
0x010E	0x09F4      	COMF       R4, 1
;__Lib_Math.c,517 :: 		
0x010F	0x09F5      	COMF       R5, 1
;__Lib_Math.c,518 :: 		
0x0110	0x0AF4      	INCF       R4, 1
;__Lib_Math.c,519 :: 		
0x0111	0x1903      	BTFSC      STATUS, 2
;__Lib_Math.c,520 :: 		
0x0112	0x0AF5      	INCF       R5, 1
;__Lib_Math.c,522 :: 		
0x0113	0x1FF1      	BTFSS      R1, 7
;__Lib_Math.c,523 :: 		
0x0114	0x291A      	GOTO       $+6
;__Lib_Math.c,525 :: 		
0x0115	0x09F0      	COMF       R0, 1
;__Lib_Math.c,526 :: 		
0x0116	0x09F1      	COMF       R1, 1
;__Lib_Math.c,527 :: 		
0x0117	0x0AF0      	INCF       R0, 1
;__Lib_Math.c,528 :: 		
0x0118	0x1903      	BTFSC      STATUS, 2
;__Lib_Math.c,529 :: 		
0x0119	0x0AF1      	INCF       R1, 1
;__Lib_Math.c,531 :: 		
0x011A	0x0871      	MOVF       R1, 0
;__Lib_Math.c,532 :: 		
0x011B	0x0475      	IORWF      R5, 0
;__Lib_Math.c,533 :: 		
0x011C	0x00FA      	MOVWF      R10
;__Lib_Math.c,534 :: 		
0x011D	0x1BFA      	BTFSC      R10, 7
;__Lib_Math.c,535 :: 		
0x011E	0x292F      	GOTO       $+17
;__Lib_Math.c,537 :: 		
0x011F	0x20AF      	CALL       _Div_16x16_S_L
;__Lib_Math.c,539 :: 		
0x0120	0x187B      	BTFSC      R11, 0
;__Lib_Math.c,540 :: 		
0x0121	0x2942      	GOTO       $+33
;__Lib_Math.c,542 :: 		
0x0122	0x1FFD      	BTFSS      R13, 7
;__Lib_Math.c,543 :: 		
0x0123	0x3400      	RETLW      0
;__Lib_Math.c,545 :: 		
0x0124	0x09F0      	COMF       R0, 1
;__Lib_Math.c,546 :: 		
0x0125	0x09F1      	COMF       R1, 1
;__Lib_Math.c,547 :: 		
0x0126	0x0AF0      	INCF       R0, 1
;__Lib_Math.c,548 :: 		
0x0127	0x1903      	BTFSC      STATUS, 2
;__Lib_Math.c,549 :: 		
0x0128	0x0AF1      	INCF       R1, 1
;__Lib_Math.c,551 :: 		
0x0129	0x09F8      	COMF       R8, 1
;__Lib_Math.c,552 :: 		
0x012A	0x09F9      	COMF       R9, 1
;__Lib_Math.c,553 :: 		
0x012B	0x0AF8      	INCF       R8, 1
;__Lib_Math.c,554 :: 		
0x012C	0x1903      	BTFSC      STATUS, 2
;__Lib_Math.c,555 :: 		
0x012D	0x0AF9      	INCF       R9, 1
;__Lib_Math.c,557 :: 		
0x012E	0x3400      	RETLW      0
;__Lib_Math.c,559 :: 		
0x012F	0x1FF5      	BTFSS      R5, 7
;__Lib_Math.c,560 :: 		
0x0130	0x293E      	GOTO       $+14
;__Lib_Math.c,561 :: 		
0x0131	0x1BF1      	BTFSC      R1, 7
;__Lib_Math.c,562 :: 		
0x0132	0x293A      	GOTO       $+8
;__Lib_Math.c,563 :: 		
0x0133	0x0871      	MOVF       R1, 0
;__Lib_Math.c,564 :: 		
0x0134	0x00F9      	MOVWF      R9
;__Lib_Math.c,565 :: 		
0x0135	0x0870      	MOVF       R0, 0
;__Lib_Math.c,566 :: 		
0x0136	0x00F8      	MOVWF      R8
;__Lib_Math.c,567 :: 		
0x0137	0x01F1      	CLRF       R1
;__Lib_Math.c,568 :: 		
0x0138	0x01F0      	CLRF       R0
;__Lib_Math.c,569 :: 		
0x0139	0x2922      	GOTO       $-23
;__Lib_Math.c,570 :: 		
0x013A	0x01F1      	CLRF       R1
;__Lib_Math.c,571 :: 		
0x013B	0x01F0      	CLRF       R0
;__Lib_Math.c,572 :: 		
0x013C	0x0AF0      	INCF       R0, 1
;__Lib_Math.c,573 :: 		
0x013D	0x3400      	RETLW      0
;__Lib_Math.c,575 :: 		
0x013E	0x09F1      	COMF       R1, 1
;__Lib_Math.c,576 :: 		
0x013F	0x09F0      	COMF       R0, 1
;__Lib_Math.c,577 :: 		
0x0140	0x0AFB      	INCF       R11, 1
;__Lib_Math.c,578 :: 		
0x0141	0x291F      	GOTO       $-34
;__Lib_Math.c,580 :: 		
0x0142	0x0AF8      	INCF       R8, 1
;__Lib_Math.c,581 :: 		
0x0143	0x1903      	BTFSC      STATUS, 2
;__Lib_Math.c,582 :: 		
0x0144	0x0AF9      	INCF       R9, 1
;__Lib_Math.c,583 :: 		
0x0145	0x0874      	MOVF       R4, 0
;__Lib_Math.c,584 :: 		
0x0146	0x0278      	SUBWF      R8, 0
;__Lib_Math.c,585 :: 		
0x0147	0x1D03      	BTFSS      STATUS, 2
;__Lib_Math.c,586 :: 		
0x0148	0x2922      	GOTO       $-38
;__Lib_Math.c,587 :: 		
0x0149	0x0875      	MOVF       R5, 0
;__Lib_Math.c,588 :: 		
0x014A	0x0279      	SUBWF      R9, 0
;__Lib_Math.c,589 :: 		
0x014B	0x1D03      	BTFSS      STATUS, 2
;__Lib_Math.c,590 :: 		
0x014C	0x2922      	GOTO       $-42
;__Lib_Math.c,591 :: 		
0x014D	0x01F9      	CLRF       R9
;__Lib_Math.c,592 :: 		
0x014E	0x01F8      	CLRF       R8
;__Lib_Math.c,593 :: 		
0x014F	0x0AF0      	INCF       R0, 1
;__Lib_Math.c,594 :: 		
0x0150	0x1903      	BTFSC      STATUS, 2
;__Lib_Math.c,595 :: 		
0x0151	0x0AF1      	INCF       R1, 1
;__Lib_Math.c,596 :: 		
0x0152	0x1FF1      	BTFSS      R1, 7
;__Lib_Math.c,597 :: 		
0x0153	0x2922      	GOTO       $-49
;__Lib_Math.c,598 :: 		
0x0154	0x0000      	NOP
;__Lib_Math.c,599 :: 		
0x0155	0x34FF      	RETLW      255
;__Lib_Math.c,601 :: 		
L_end_Div_16x16_S:
0x0156	0x0008      	RETURN
; end of _Div_16x16_S
_main:
0x0157	0x1283      	BCF        STATUS, 5
0x0158	0x1303      	BCF        STATUS, 6
0x0159	0x01A4      	CLRF       _right
0x015A	0x01A5      	CLRF       37
0x015B	0x01A6      	CLRF       _counter
0x015C	0x01A7      	CLRF       39
0x015D	0x01A8      	CLRF       _left
0x015E	0x01A9      	CLRF       41
0x015F	0x01AA      	CLRF       _count
0x0160	0x01AB      	CLRF       43
;try.c,43 :: 		void main() {
;try.c,45 :: 		trisc=0;  //7seg
0x0161	0x1683      	BSF        STATUS, 5
0x0162	0x0187      	CLRF       TRISC
;try.c,46 :: 		portc=0;
0x0163	0x1283      	BCF        STATUS, 5
0x0164	0x0187      	CLRF       PORTC
;try.c,47 :: 		trisd=0; //led
0x0165	0x1683      	BSF        STATUS, 5
0x0166	0x0188      	CLRF       TRISD
;try.c,48 :: 		portd=0;
0x0167	0x1283      	BCF        STATUS, 5
0x0168	0x0188      	CLRF       PORTD
;try.c,49 :: 		trisb.b6=0; //trans1
0x0169	0x1683      	BSF        STATUS, 5
0x016A	0x1306      	BCF        TRISB, 6
;try.c,50 :: 		portb.B6=1;
0x016B	0x1283      	BCF        STATUS, 5
0x016C	0x1706      	BSF        PORTB, 6
;try.c,51 :: 		trisb.b7=0;   //trans2
0x016D	0x1683      	BSF        STATUS, 5
0x016E	0x1386      	BCF        TRISB, 7
;try.c,52 :: 		portb.B7=1;
0x016F	0x1283      	BCF        STATUS, 5
0x0170	0x1786      	BSF        PORTB, 7
;try.c,53 :: 		trisb.b0=1;           //switch2 change manual
0x0171	0x1683      	BSF        STATUS, 5
0x0172	0x1406      	BSF        TRISB, 0
;try.c,54 :: 		trisb.b1=1;  //switch1 auto to manual
0x0173	0x1486      	BSF        TRISB, 1
;try.c,55 :: 		gie_bit=1;
0x0174	0x178B      	BSF        GIE_bit, BitPos(GIE_bit+0)
;try.c,56 :: 		inte_bit=1;
0x0175	0x160B      	BSF        INTE_bit, BitPos(INTE_bit+0)
;try.c,57 :: 		intedg_bit=0;
0x0176	0x1301      	BCF        INTEDG_bit, BitPos(INTEDG_bit+0)
;try.c,59 :: 		for( ; ; ) {
L_main14:
;try.c,60 :: 		if(portb.b1==1&&portb.b1==1) {
0x0177	0x1283      	BCF        STATUS, 5
0x0178	0x1C86      	BTFSS      PORTB, 1
0x0179	0x2A7C      	GOTO       L_main19
0x017A	0x1C86      	BTFSS      PORTB, 1
0x017B	0x2A7C      	GOTO       L_main19
L__main60:
;try.c,61 :: 		for(counter=23;counter>0;counter--){
0x017C	0x3017      	MOVLW      23
0x017D	0x00A6      	MOVWF      _counter
0x017E	0x3000      	MOVLW      0
0x017F	0x00A7      	MOVWF      _counter+1
L_main20:
0x0180	0x3080      	MOVLW      128
0x0181	0x00F0      	MOVWF      R0
0x0182	0x3080      	MOVLW      128
0x0183	0x0627      	XORWF      _counter+1, 0
0x0184	0x0270      	SUBWF      R0, 0
0x0185	0x1D03      	BTFSS      STATUS, 2
0x0186	0x2989      	GOTO       L__main69
0x0187	0x0826      	MOVF       _counter, 0
0x0188	0x3C00      	SUBLW      0
L__main69:
0x0189	0x1803      	BTFSC      STATUS, 0
0x018A	0x29FC      	GOTO       L_main21
;try.c,62 :: 		if(portb.b1 == 0&&portb.B0==1 ) {
0x018B	0x1886      	BTFSC      PORTB, 1
0x018C	0x2996      	GOTO       L_main25
0x018D	0x1C06      	BTFSS      PORTB, 0
0x018E	0x2996      	GOTO       L_main25
L__main59:
;try.c,63 :: 		portb.b6 = portb.b7 = 1 ;
0x018F	0x1786      	BSF        PORTB, 7
0x0190	0x1B86      	BTFSC      PORTB, 7
0x0191	0x2994      	GOTO       L__main70
0x0192	0x1306      	BCF        PORTB, 6
0x0193	0x2995      	GOTO       L__main71
L__main70:
0x0194	0x1706      	BSF        PORTB, 6
L__main71:
;try.c,65 :: 		}         else{
0x0195	0x29F7      	GOTO       L_main26
L_main25:
;try.c,66 :: 		if(counter>3)
0x0196	0x3080      	MOVLW      128
0x0197	0x00F0      	MOVWF      R0
0x0198	0x3080      	MOVLW      128
0x0199	0x0627      	XORWF      _counter+1, 0
0x019A	0x0270      	SUBWF      R0, 0
0x019B	0x1D03      	BTFSS      STATUS, 2
0x019C	0x299F      	GOTO       L__main72
0x019D	0x0826      	MOVF       _counter, 0
0x019E	0x3C03      	SUBLW      3
L__main72:
0x019F	0x1803      	BTFSC      STATUS, 0
0x01A0	0x29A4      	GOTO       L_main27
;try.c,67 :: 		portd=0b00010001;
0x01A1	0x3011      	MOVLW      17
0x01A2	0x0088      	MOVWF      PORTD
0x01A3	0x29A6      	GOTO       L_main28
L_main27:
;try.c,69 :: 		portd=0b00100001;
0x01A4	0x3021      	MOVLW      33
0x01A5	0x0088      	MOVWF      PORTD
L_main28:
;try.c,70 :: 		left=counter/10;
0x01A6	0x300A      	MOVLW      10
0x01A7	0x00F4      	MOVWF      R4
0x01A8	0x3000      	MOVLW      0
0x01A9	0x00F5      	MOVWF      R4+1
0x01AA	0x0826      	MOVF       _counter, 0
0x01AB	0x00F0      	MOVWF      R0
0x01AC	0x0827      	MOVF       _counter+1, 0
0x01AD	0x00F1      	MOVWF      R0+1
0x01AE	0x20EE      	CALL       _Div_16x16_S
0x01AF	0x0870      	MOVF       R0, 0
0x01B0	0x00A8      	MOVWF      _left
0x01B1	0x0871      	MOVF       R0+1, 0
0x01B2	0x00A9      	MOVWF      _left+1
;try.c,71 :: 		right=counter%10;
0x01B3	0x300A      	MOVLW      10
0x01B4	0x00F4      	MOVWF      R4
0x01B5	0x3000      	MOVLW      0
0x01B6	0x00F5      	MOVWF      R4+1
0x01B7	0x0826      	MOVF       _counter, 0
0x01B8	0x00F0      	MOVWF      R0
0x01B9	0x0827      	MOVF       _counter+1, 0
0x01BA	0x00F1      	MOVWF      R0+1
0x01BB	0x20EE      	CALL       _Div_16x16_S
0x01BC	0x0878      	MOVF       R8, 0
0x01BD	0x00F0      	MOVWF      R0
0x01BE	0x0879      	MOVF       R8+1, 0
0x01BF	0x00F1      	MOVWF      R0+1
0x01C0	0x0870      	MOVF       R0, 0
0x01C1	0x00A4      	MOVWF      _right
0x01C2	0x0871      	MOVF       R0+1, 0
0x01C3	0x00A5      	MOVWF      _right+1
;try.c,72 :: 		for(i= 0;i<60;i++){
0x01C4	0x01B0      	CLRF       _i
0x01C5	0x01B1      	CLRF       _i+1
L_main29:
0x01C6	0x3000      	MOVLW      0
0x01C7	0x0231      	SUBWF      _i+1, 0
0x01C8	0x1D03      	BTFSS      STATUS, 2
0x01C9	0x29CC      	GOTO       L__main73
0x01CA	0x303C      	MOVLW      60
0x01CB	0x0230      	SUBWF      _i, 0
L__main73:
0x01CC	0x1803      	BTFSC      STATUS, 0
0x01CD	0x29F7      	GOTO       L_main30
;try.c,73 :: 		if(portb.b1 == 0&&portb.B0==1 ) {
0x01CE	0x1886      	BTFSC      PORTB, 1
0x01CF	0x29D9      	GOTO       L_main34
0x01D0	0x1C06      	BTFSS      PORTB, 0
0x01D1	0x29D9      	GOTO       L_main34
L__main58:
;try.c,74 :: 		portb.b6 = portb.b7 = 1 ;
0x01D2	0x1786      	BSF        PORTB, 7
0x01D3	0x1B86      	BTFSC      PORTB, 7
0x01D4	0x29D7      	GOTO       L__main74
0x01D5	0x1306      	BCF        PORTB, 6
0x01D6	0x29D8      	GOTO       L__main75
L__main74:
0x01D7	0x1706      	BSF        PORTB, 6
L__main75:
;try.c,76 :: 		}         else{
0x01D8	0x29F3      	GOTO       L_main35
L_main34:
;try.c,77 :: 		portb.b6=0;
0x01D9	0x1306      	BCF        PORTB, 6
;try.c,78 :: 		portb.b7=1;
0x01DA	0x1786      	BSF        PORTB, 7
;try.c,79 :: 		portc=right;
0x01DB	0x0824      	MOVF       _right, 0
0x01DC	0x0087      	MOVWF      PORTC
;try.c,80 :: 		delay_ms(10);
0x01DD	0x301A      	MOVLW      26
0x01DE	0x00FC      	MOVWF      R12
0x01DF	0x30F8      	MOVLW      248
0x01E0	0x00FD      	MOVWF      R13
L_main36:
0x01E1	0x0BFD      	DECFSZ     R13, 1
0x01E2	0x29E1      	GOTO       L_main36
0x01E3	0x0BFC      	DECFSZ     R12, 1
0x01E4	0x29E1      	GOTO       L_main36
0x01E5	0x0000      	NOP
;try.c,81 :: 		portb.b6=1;
0x01E6	0x1706      	BSF        PORTB, 6
;try.c,82 :: 		portb.b7=0;
0x01E7	0x1386      	BCF        PORTB, 7
;try.c,83 :: 		portc=left;
0x01E8	0x0828      	MOVF       _left, 0
0x01E9	0x0087      	MOVWF      PORTC
;try.c,84 :: 		delay_ms(10);
0x01EA	0x301A      	MOVLW      26
0x01EB	0x00FC      	MOVWF      R12
0x01EC	0x30F8      	MOVLW      248
0x01ED	0x00FD      	MOVWF      R13
L_main37:
0x01EE	0x0BFD      	DECFSZ     R13, 1
0x01EF	0x29EE      	GOTO       L_main37
0x01F0	0x0BFC      	DECFSZ     R12, 1
0x01F1	0x29EE      	GOTO       L_main37
0x01F2	0x0000      	NOP
;try.c,85 :: 		} //for(30
L_main35:
;try.c,72 :: 		for(i= 0;i<60;i++){
0x01F3	0x0AB0      	INCF       _i, 1
0x01F4	0x1903      	BTFSC      STATUS, 2
0x01F5	0x0AB1      	INCF       _i+1, 1
;try.c,86 :: 		}
0x01F6	0x29C6      	GOTO       L_main29
L_main30:
;try.c,87 :: 		}
L_main26:
;try.c,61 :: 		for(counter=23;counter>0;counter--){
0x01F7	0x3001      	MOVLW      1
0x01F8	0x02A6      	SUBWF      _counter, 1
0x01F9	0x1C03      	BTFSS      STATUS, 0
0x01FA	0x03A7      	DECF       _counter+1, 1
;try.c,88 :: 		}     //for(23
0x01FB	0x2980      	GOTO       L_main20
L_main21:
;try.c,90 :: 		for(counter=15;counter>0;counter--){
0x01FC	0x300F      	MOVLW      15
0x01FD	0x00A6      	MOVWF      _counter
0x01FE	0x3000      	MOVLW      0
0x01FF	0x00A7      	MOVWF      _counter+1
L_main38:
0x0200	0x3080      	MOVLW      128
0x0201	0x00F0      	MOVWF      R0
0x0202	0x3080      	MOVLW      128
0x0203	0x0627      	XORWF      _counter+1, 0
0x0204	0x0270      	SUBWF      R0, 0
0x0205	0x1D03      	BTFSS      STATUS, 2
0x0206	0x2A09      	GOTO       L__main76
0x0207	0x0826      	MOVF       _counter, 0
0x0208	0x3C00      	SUBLW      0
L__main76:
0x0209	0x1803      	BTFSC      STATUS, 0
0x020A	0x2A7C      	GOTO       L_main39
;try.c,91 :: 		if(portb.b1 == 0&&portb.B0==1 ) {
0x020B	0x1886      	BTFSC      PORTB, 1
0x020C	0x2A16      	GOTO       L_main43
0x020D	0x1C06      	BTFSS      PORTB, 0
0x020E	0x2A16      	GOTO       L_main43
L__main57:
;try.c,92 :: 		portb.b6 = portb.b7 = 1 ;
0x020F	0x1786      	BSF        PORTB, 7
0x0210	0x1B86      	BTFSC      PORTB, 7
0x0211	0x2A14      	GOTO       L__main77
0x0212	0x1306      	BCF        PORTB, 6
0x0213	0x2A15      	GOTO       L__main78
L__main77:
0x0214	0x1706      	BSF        PORTB, 6
L__main78:
;try.c,94 :: 		}         else{
0x0215	0x2A77      	GOTO       L_main44
L_main43:
;try.c,95 :: 		if(counter>3)
0x0216	0x3080      	MOVLW      128
0x0217	0x00F0      	MOVWF      R0
0x0218	0x3080      	MOVLW      128
0x0219	0x0627      	XORWF      _counter+1, 0
0x021A	0x0270      	SUBWF      R0, 0
0x021B	0x1D03      	BTFSS      STATUS, 2
0x021C	0x2A1F      	GOTO       L__main79
0x021D	0x0826      	MOVF       _counter, 0
0x021E	0x3C03      	SUBLW      3
L__main79:
0x021F	0x1803      	BTFSC      STATUS, 0
0x0220	0x2A24      	GOTO       L_main45
;try.c,96 :: 		portd=0b00001010;
0x0221	0x300A      	MOVLW      10
0x0222	0x0088      	MOVWF      PORTD
0x0223	0x2A26      	GOTO       L_main46
L_main45:
;try.c,98 :: 		portd=0b00001100;
0x0224	0x300C      	MOVLW      12
0x0225	0x0088      	MOVWF      PORTD
L_main46:
;try.c,99 :: 		left=counter/10;
0x0226	0x300A      	MOVLW      10
0x0227	0x00F4      	MOVWF      R4
0x0228	0x3000      	MOVLW      0
0x0229	0x00F5      	MOVWF      R4+1
0x022A	0x0826      	MOVF       _counter, 0
0x022B	0x00F0      	MOVWF      R0
0x022C	0x0827      	MOVF       _counter+1, 0
0x022D	0x00F1      	MOVWF      R0+1
0x022E	0x20EE      	CALL       _Div_16x16_S
0x022F	0x0870      	MOVF       R0, 0
0x0230	0x00A8      	MOVWF      _left
0x0231	0x0871      	MOVF       R0+1, 0
0x0232	0x00A9      	MOVWF      _left+1
;try.c,100 :: 		right=counter%10;
0x0233	0x300A      	MOVLW      10
0x0234	0x00F4      	MOVWF      R4
0x0235	0x3000      	MOVLW      0
0x0236	0x00F5      	MOVWF      R4+1
0x0237	0x0826      	MOVF       _counter, 0
0x0238	0x00F0      	MOVWF      R0
0x0239	0x0827      	MOVF       _counter+1, 0
0x023A	0x00F1      	MOVWF      R0+1
0x023B	0x20EE      	CALL       _Div_16x16_S
0x023C	0x0878      	MOVF       R8, 0
0x023D	0x00F0      	MOVWF      R0
0x023E	0x0879      	MOVF       R8+1, 0
0x023F	0x00F1      	MOVWF      R0+1
0x0240	0x0870      	MOVF       R0, 0
0x0241	0x00A4      	MOVWF      _right
0x0242	0x0871      	MOVF       R0+1, 0
0x0243	0x00A5      	MOVWF      _right+1
;try.c,101 :: 		for(i=0 ;i<60;i++){
0x0244	0x01B0      	CLRF       _i
0x0245	0x01B1      	CLRF       _i+1
L_main47:
0x0246	0x3000      	MOVLW      0
0x0247	0x0231      	SUBWF      _i+1, 0
0x0248	0x1D03      	BTFSS      STATUS, 2
0x0249	0x2A4C      	GOTO       L__main80
0x024A	0x303C      	MOVLW      60
0x024B	0x0230      	SUBWF      _i, 0
L__main80:
0x024C	0x1803      	BTFSC      STATUS, 0
0x024D	0x2A77      	GOTO       L_main48
;try.c,102 :: 		if(portb.b1 == 0&&portb.B0==1 ) {
0x024E	0x1886      	BTFSC      PORTB, 1
0x024F	0x2A59      	GOTO       L_main52
0x0250	0x1C06      	BTFSS      PORTB, 0
0x0251	0x2A59      	GOTO       L_main52
L__main56:
;try.c,103 :: 		portb.b6 = portb.b7 = 1 ;
0x0252	0x1786      	BSF        PORTB, 7
0x0253	0x1B86      	BTFSC      PORTB, 7
0x0254	0x2A57      	GOTO       L__main81
0x0255	0x1306      	BCF        PORTB, 6
0x0256	0x2A58      	GOTO       L__main82
L__main81:
0x0257	0x1706      	BSF        PORTB, 6
L__main82:
;try.c,105 :: 		}         else{
0x0258	0x2A73      	GOTO       L_main53
L_main52:
;try.c,106 :: 		portb.b6=0;
0x0259	0x1306      	BCF        PORTB, 6
;try.c,107 :: 		portb.b7=1;
0x025A	0x1786      	BSF        PORTB, 7
;try.c,108 :: 		portc=right;
0x025B	0x0824      	MOVF       _right, 0
0x025C	0x0087      	MOVWF      PORTC
;try.c,109 :: 		delay_ms(10);
0x025D	0x301A      	MOVLW      26
0x025E	0x00FC      	MOVWF      R12
0x025F	0x30F8      	MOVLW      248
0x0260	0x00FD      	MOVWF      R13
L_main54:
0x0261	0x0BFD      	DECFSZ     R13, 1
0x0262	0x2A61      	GOTO       L_main54
0x0263	0x0BFC      	DECFSZ     R12, 1
0x0264	0x2A61      	GOTO       L_main54
0x0265	0x0000      	NOP
;try.c,110 :: 		portb.b6=1;
0x0266	0x1706      	BSF        PORTB, 6
;try.c,111 :: 		portb.b7=0;
0x0267	0x1386      	BCF        PORTB, 7
;try.c,112 :: 		portc=left;
0x0268	0x0828      	MOVF       _left, 0
0x0269	0x0087      	MOVWF      PORTC
;try.c,113 :: 		delay_ms(10);
0x026A	0x301A      	MOVLW      26
0x026B	0x00FC      	MOVWF      R12
0x026C	0x30F8      	MOVLW      248
0x026D	0x00FD      	MOVWF      R13
L_main55:
0x026E	0x0BFD      	DECFSZ     R13, 1
0x026F	0x2A6E      	GOTO       L_main55
0x0270	0x0BFC      	DECFSZ     R12, 1
0x0271	0x2A6E      	GOTO       L_main55
0x0272	0x0000      	NOP
;try.c,114 :: 		}
L_main53:
;try.c,101 :: 		for(i=0 ;i<60;i++){
0x0273	0x0AB0      	INCF       _i, 1
0x0274	0x1903      	BTFSC      STATUS, 2
0x0275	0x0AB1      	INCF       _i+1, 1
;try.c,115 :: 		}
0x0276	0x2A46      	GOTO       L_main47
L_main48:
;try.c,116 :: 		}//for(30
L_main44:
;try.c,90 :: 		for(counter=15;counter>0;counter--){
0x0277	0x3001      	MOVLW      1
0x0278	0x02A6      	SUBWF      _counter, 1
0x0279	0x1C03      	BTFSS      STATUS, 0
0x027A	0x03A7      	DECF       _counter+1, 1
;try.c,117 :: 		}     //  for(15)
0x027B	0x2A00      	GOTO       L_main38
L_main39:
;try.c,118 :: 		}  //  while(portb.b1==1)
L_main19:
;try.c,119 :: 		}   //for(;;)
0x027C	0x2977      	GOTO       L_main14
;try.c,121 :: 		}   //main
L_end_main:
0x027D	0x2A7D      	GOTO       $+0
; end of _main
Symbol List:
//** Routines locations **
//ADDRESS    SIZE    PROCEDURE
//----------------------------------------------
0x0004     [171]    _interrupt
0x00AF      [44]    _Div_16x16_S_L
0x00DB       [7]    _____DoICP
0x00E2      [12]    ___CC2DW
0x00EE     [105]    _Div_16x16_S
0x0157     [295]    _main
//** Variables locations ** 
//ADDRESS    SIZE    VARIABLE
//----------------------------------------------
0x0000       [1]    INDF
0x0002       [1]    PCL
0x0003       [1]    STATUS
0x0004       [1]    FSR
0x0006       [1]    PORTB
0x0007       [1]    PORTC
0x0008       [1]    PORTD
0x000A       [1]    PCLATH
0x000B       [0]    INTE_bit
0x000B       [0]    INTF_bit
0x000B       [0]    GIE_bit
0x0024       [2]    _right
0x0026       [2]    _counter
0x0028       [2]    _left
0x002A       [2]    _count
0x002C       [2]    _j
0x002E       [2]    ___DoICPAddr
0x0030       [2]    _i
0x0032       [1]    ___saveSTATUS
0x0033       [1]    ___savePCLATH
0x0070       [1]    R0
0x0071       [1]    R1
0x0072       [1]    R2
0x0073       [1]    R3
0x0074       [1]    R4
0x0075       [1]    R5
0x0076       [1]    R6
0x0077       [1]    R7
0x0078       [1]    R8
0x0079       [1]    R9
0x007A       [1]    R10
0x007B       [1]    R11
0x007C       [1]    R12
0x007D       [1]    R13
0x007E       [1]    R14
0x007F       [1]    R15
0x0081       [0]    INTEDG_bit
0x0086       [1]    TRISB
0x0087       [1]    TRISC
0x0088       [1]    TRISD
//** Label List: ** 
//----------------------------------------------
  L_interrupt0
  L_interrupt1
  L_interrupt2
  L_interrupt3
  L_interrupt4
  L_interrupt5
  L_interrupt6
  L_interrupt7
  L_interrupt8
  L_interrupt9
  L_interrupt10
  L_interrupt11
  L_interrupt12
  L_interrupt13
  L_main14
  L_main15
  L_main16
  L_main17
  L_main18
  L_main19
  L_main20
  L_main21
  L_main22
  L_main23
  L_main24
  L_main25
  L_main26
  L_main27
  L_main28
  L_main29
  L_main30
  L_main31
  L_main32
  L_main33
  L_main34
  L_main35
  L_main36
  L_main37
  L_main38
  L_main39
  L_main40
  L_main41
  L_main42
  L_main43
  L_main44
  L_main45
  L_main46
  L_main47
  L_main48
  L_main49
  L_main50
  L_main51
  L_main52
  L_main53
  L_main54
  L_main55
  L__main56
  L__main57
  L__main58
  L__main59
  L__main60
  L_end_interrupt
  _interrupt
  L__interrupt62
  L__interrupt63
  L__interrupt64
  L__interrupt65
  L__interrupt66
  L__interrupt67
  L_end_main
  _main
  L__main69
  L__main70
  L__main71
  L__main72
  L__main73
  L__main74
  L__main75
  L__main76
  L__main77
  L__main78
  L__main79
  L__main80
  L__main81
  L__main82
  L_Div_16x16_S0
  L_Div_16x16_S1
  LOOPS3232A
  SADD22LA
  SOK22LA
  SADD22L8
  SOK22L8
  LOOPS3232B
  SADD22LB
  SOK22LB
  SADD22L16
  SOK22L16
  LOOPS3232C
  SADD22LC
  SOK22LC
  SADD22L24
  SOK22L24
  LOOPS3232D
  SADD22LD
  SOK22LD
  SOK22L
  L_Div_32x32_S6
  L_Div_32x32_S7
  L_Div_32x32_S8
  L_Div_32x32_S9
  FXD3232S
  END_ALL
  CA3232S
  C3232SX
  C3232SX1
  C3232S
  C3232S2
  C3232SX4
  C3232SOK
  C3232SX3
  C3232SX2
  avoid_comfrem
  LOOPU3232A
  UADD22LA
  UOK22LA
  UADD22L8
  UOK22L8
  LOOPU3232B
  UADD22LB
  UOK22LB
  UADD22L16
  UOK22L16
  LOOPU3232C
  UADD22LC
  UOK22LC
  UADD22L24
  UOK22L24
  LOOPU3232D
  UADD22LD
  UOK22LD
  UOK22L
  _NEXT
  _EXIT2
  _LOOP
  _EXIT1
  _IF_FIRST
  _IF_SECOND
  _INVERCE_FIRST
  _MULT
  _INBERSE_SECOND
  _EXIT
  L_end_Mul_8X8_U
  _Mul_8X8_U
  L_end_Mul_16X16_U
  _Mul_16X16_U
  L_end_Div_8X8_U
  _Div_8X8_U
  L_end_Div_16X16_U
  _Div_16X16_U
  L_end_Mul_8X8_S
  _Mul_8X8_S
  L_end_Mul_16X16_S
  _Mul_16X16_S
  L_end_Div_16x16_S_L
  _Div_16x16_S_L
  L_end_Div_16x16_S
  _Div_16x16_S
  L_end_Div_8X8_S
  _Div_8X8_S
  L_end_SDIV3232L
  _SDIV3232L
  L_end_COMFREM
  _COMFREM
  L_end_Div_32x32_S
  _Div_32x32_S
  L_end_Div_32x32_U
  _Div_32x32_U
  L_end_Mul_32x32_U
  _Mul_32x32_U
  L_end_Mul_32x32_S
  _Mul_32x32_S
  L_loopCA2AWs
  L_CA2AWend
  _CCA2AW_Loop1
  L_loopCS2Ss
  L_CS2Send
  _CCS2S_Loop1
  L_CCS2Send
  L_loopFZinSWs
  L_FZinSend
  _CC2D_Loop1
  L_end_____DoICP
  _____DoICP
  L_end_____DoIFC
  _____DoIFC
  L_end___CA2AW
  ___CA2AW
  L_end___CCA2AW
  ___CCA2AW
  L_end___CS2S
  ___CS2S
  L_end___CCS2S
  ___CCS2S
  L_end___FZinS
  ___FZinS
  L_end___CC2DW
  ___CC2DW
  L_end_Swap
  _Swap
  L_interrupt0
  L_interrupt1
  L_interrupt2
  L_interrupt3
  L_interrupt4
  L_interrupt5
  L_interrupt6
  L_interrupt7
  L_interrupt8
  L_interrupt9
  L_interrupt10
  L_interrupt11
  L_interrupt12
  L_interrupt13
  L_main14
  L_main15
  L_main16
  L_main17
  L_main18
  L_main19
  L_main20
  L_main21
  L_main22
  L_main23
  L_main24
  L_main25
  L_main26
  L_main27
  L_main28
  L_main29
  L_main30
  L_main31
  L_main32
  L_main33
  L_main34
  L_main35
  L_main36
  L_main37
  L_main38
  L_main39
  L_main40
  L_main41
  L_main42
  L_main43
  L_main44
  L_main45
  L_main46
  L_main47
  L_main48
  L_main49
  L_main50
  L_main51
  L_main52
  L_main53
  L_main54
  L_main55
  L__main56
  L__main57
  L__main58
  L__main59
  L__main60
  L_end_interrupt
  _interrupt
  L__interrupt62
  L__interrupt63
  L__interrupt64
  L__interrupt65
  L__interrupt66
  L__interrupt67
  L_end_main
  _main
  L__main69
  L__main70
  L__main71
  L__main72
  L__main73
  L__main74
  L__main75
  L__main76
  L__main77
  L__main78
  L__main79
  L__main80
  L__main81
  L__main82
